{
  "meta": {
    "version": "6.4.3",
    "timestamp": "2022-08-09T12:47:39.252979",
    "branch_coverage": false,
    "show_contexts": false
  },
  "files": {
    "./repo/projs/M01/chamada.py": {
      "executed_lines": [],
      "summary": {
        "covered_lines": 0,
        "num_statements": 10,
        "percent_covered": 0.0,
        "percent_covered_display": "0",
        "missing_lines": 10,
        "excluded_lines": 0
      },
      "missing_lines": [
        2,
        3,
        4,
        5,
        8,
        9,
        10,
        11,
        14,
        15
      ],
      "excluded_lines": []
    },
    "./repo/projs/M01/condicao.py": {
      "executed_lines": [],
      "summary": {
        "covered_lines": 0,
        "num_statements": 6,
        "percent_covered": 0.0,
        "percent_covered_display": "0",
        "missing_lines": 6,
        "excluded_lines": 0
      },
      "missing_lines": [
        1,
        2,
        3,
        4,
        7,
        8
      ],
      "excluded_lines": []
    }
  },
  "totals": {
    "covered_lines": 0,
    "num_statements": 16,
    "percent_covered": 0.0,
    "percent_covered_display": "0",
    "missing_lines": 16,
    "excluded_lines": 0
  }
}